Unity Editor version:    2022.1.0f1 (369b620af41c)
Branch:                  2022.1/release
Build type:              Release
Batch mode:              YES
macOS version:           Version 13.3.1 (Build 22E261)
Darwin version:          22.4.0
Architecture:            arm64
Running under Rosetta:   NO
Available memory:        16384 MB
Using pre-set license
Pro License: YES

COMMAND LINE ARGUMENTS:
/Applications/Unity/Hub/Editor/2022.1.0f1/Unity.app/Contents/MacOS/Unity
-adb2
-batchMode
-noUpm
-name
AssetImportWorker0
-projectPath
/Users/mariamekaba/Desktop/MASTERIIMIAGE/UNITY/MyProjectUnityV2
-logFile
Logs/AssetImportWorker0.log
-srvPort
60572
Successfully changed project path to: /Users/mariamekaba/Desktop/MASTERIIMIAGE/UNITY/MyProjectUnityV2
/Users/mariamekaba/Desktop/MASTERIIMIAGE/UNITY/MyProjectUnityV2
[UnityMemory] Configuration Parameters - Can be set up in boot.config
    "memorysetup-bucket-allocator-granularity=16"
    "memorysetup-bucket-allocator-bucket-count=8"
    "memorysetup-bucket-allocator-block-size=33554432"
    "memorysetup-bucket-allocator-block-count=8"
    "memorysetup-main-allocator-block-size=16777216"
    "memorysetup-thread-allocator-block-size=16777216"
    "memorysetup-gfx-main-allocator-block-size=16777216"
    "memorysetup-gfx-thread-allocator-block-size=16777216"
    "memorysetup-cache-allocator-block-size=4194304"
    "memorysetup-typetree-allocator-block-size=2097152"
    "memorysetup-profiler-bucket-allocator-granularity=16"
    "memorysetup-profiler-bucket-allocator-bucket-count=8"
    "memorysetup-profiler-bucket-allocator-block-size=33554432"
    "memorysetup-profiler-bucket-allocator-block-count=8"
    "memorysetup-profiler-allocator-block-size=16777216"
    "memorysetup-profiler-editor-allocator-block-size=1048576"
    "memorysetup-temp-allocator-size-main=16777216"
    "memorysetup-job-temp-allocator-block-size=2097152"
    "memorysetup-job-temp-allocator-block-size-background=1048576"
    "memorysetup-job-temp-allocator-reduction-small-platforms=262144"
    "memorysetup-temp-allocator-size-background-worker=32768"
    "memorysetup-temp-allocator-size-job-worker=262144"
    "memorysetup-temp-allocator-size-preload-manager=33554432"
    "memorysetup-temp-allocator-size-nav-mesh-worker=65536"
    "memorysetup-temp-allocator-size-audio-worker=65536"
    "memorysetup-temp-allocator-size-cloud-worker=32768"
    "memorysetup-temp-allocator-size-gi-baking-worker=262144"
    "memorysetup-temp-allocator-size-gfx=262144"
Refreshing native plugins compatible for Editor in 69.78 ms, found 2 plugins.
Preloading 0 native plugins for Editor in 0.00 ms.
Initialize engine version: 2022.1.0f1 (369b620af41c)
[Subsystems] Discovering subsystems at path /Applications/Unity/Hub/Editor/2022.1.0f1/Unity.app/Contents/Resources/UnitySubsystems
[Subsystems] Discovering subsystems at path /Users/mariamekaba/Desktop/MASTERIIMIAGE/UNITY/MyProjectUnityV2/Assets
GfxDevice: creating device client; threaded=0; jobified=0
 preferred device: Apple M1 (high power)
Metal devices available: 1
0: Apple M1 (high power)
Using device Apple M1 (high power)
Initializing Metal device caps: Apple M1
Initialize mono
Mono path[0] = '/Applications/Unity/Hub/Editor/2022.1.0f1/Unity.app/Contents/Managed'
Mono path[1] = '/Applications/Unity/Hub/Editor/2022.1.0f1/Unity.app/Contents/MonoBleedingEdge/lib/mono/unityjit-macos'
Mono config path = '/Applications/Unity/Hub/Editor/2022.1.0f1/Unity.app/Contents/MonoBleedingEdge/etc'
Using monoOptions --debugger-agent=transport=dt_socket,embedding=1,server=y,suspend=n,address=127.0.0.1:56601
Begin MonoManager ReloadAssembly
Registering precompiled unity dll's ...
Register platform support module: /Applications/Unity/Hub/Editor/2022.1.0f1/Unity.app/Contents/PlaybackEngines/MacStandaloneSupport/UnityEditor.OSXStandalone.Extensions.dll
Registered in 0.001251 seconds.
Native extension for OSXStandalone target not found
Refreshing native plugins compatible for Editor in 67.41 ms, found 2 plugins.
Preloading 0 native plugins for Editor in 0.00 ms.
Mono: successfully reloaded assembly
- Completed reload, in  0.431 seconds
Domain Reload Profiling:
	ReloadAssembly (431ms)
		BeginReloadAssembly (65ms)
			ExecutionOrderSort (0ms)
			DisableScriptedObjects (0ms)
			BackupInstance (0ms)
			ReleaseScriptingObjects (0ms)
			CreateAndSetChildDomain (0ms)
		EndReloadAssembly (298ms)
			LoadAssemblies (65ms)
			RebuildTransferFunctionScriptingTraits (0ms)
			SetupTypeCache (76ms)
				TypeCache.Initialize (76ms)
					TypeCache.ScanAssembly (75ms)
				ResolveRequiredComponents (0ms)
			ReleaseScriptCaches (0ms)
			RebuildScriptCaches (20ms)
			SetupLoadedEditorAssemblies (173ms)
				LogAssemblyErrors (0ms)
				InitializePlatformSupportModulesInManaged (3ms)
				SetLoadedEditorAssemblies (4ms)
				RefreshPlugins (67ms)
				BeforeProcessingInitializeOnLoad (1ms)
				ProcessInitializeOnLoadAttributes (71ms)
				ProcessInitializeOnLoadMethodAttributes (26ms)
				AfterProcessingInitializeOnLoad (0ms)
				EditorAssembliesLoaded (0ms)
			ExecutionOrderSort2 (0ms)
			AwakeInstancesAfterBackupRestoration (0ms)
Platform modules already initialized, skipping
Registering precompiled user dll's ...
Registered in 0.004921 seconds.
Begin MonoManager ReloadAssembly
Symbol file LoadedFromMemory doesn't match image /Users/mariamekaba/Desktop/MASTERIIMIAGE/UNITY/MyProjectUnityV2/Library/PackageCache/com.unity.visualscripting@1.7.5/Editor/VisualScripting.Core/Dependencies/YamlDotNet/Unity.VisualScripting.YamlDotNet.dll
Symbol file LoadedFromMemory doesn't match image /Users/mariamekaba/Desktop/MASTERIIMIAGE/UNITY/MyProjectUnityV2/Library/PackageCache/com.unity.visualscripting@1.7.5/Editor/VisualScripting.Core/Dependencies/DotNetZip/Unity.VisualScripting.IonicZip.dll
Native extension for OSXStandalone target not found
Refreshing native plugins compatible for Editor in 71.16 ms, found 2 plugins.
Preloading 0 native plugins for Editor in 0.00 ms.
Mono: successfully reloaded assembly
- Completed reload, in  0.772 seconds
Domain Reload Profiling:
	ReloadAssembly (772ms)
		BeginReloadAssembly (73ms)
			ExecutionOrderSort (0ms)
			DisableScriptedObjects (3ms)
			BackupInstance (0ms)
			ReleaseScriptingObjects (0ms)
			CreateAndSetChildDomain (24ms)
		EndReloadAssembly (627ms)
			LoadAssemblies (54ms)
			RebuildTransferFunctionScriptingTraits (0ms)
			SetupTypeCache (160ms)
				TypeCache.Initialize (157ms)
					TypeCache.ScanAssembly (155ms)
				ResolveRequiredComponents (3ms)
			ReleaseScriptCaches (0ms)
			RebuildScriptCaches (36ms)
			SetupLoadedEditorAssemblies (340ms)
				LogAssemblyErrors (0ms)
				InitializePlatformSupportModulesInManaged (2ms)
				SetLoadedEditorAssemblies (4ms)
				RefreshPlugins (71ms)
				BeforeProcessingInitializeOnLoad (51ms)
				ProcessInitializeOnLoadAttributes (196ms)
				ProcessInitializeOnLoadMethodAttributes (15ms)
				AfterProcessingInitializeOnLoad (1ms)
				EditorAssembliesLoaded (0ms)
			ExecutionOrderSort2 (0ms)
			AwakeInstancesAfterBackupRestoration (2ms)
Platform modules already initialized, skipping
========================================================================
Worker process is ready to serve import requests
Launching external process: /Applications/Unity/Hub/Editor/2022.1.0f1/Unity.app/Contents/Tools/UnityShaderCompiler
Launched and connected shader compiler UnityShaderCompiler after 0.05 seconds
Refreshing native plugins compatible for Editor in 0.38 ms, found 2 plugins.
Preloading 0 native plugins for Editor in 0.00 ms.
Unloading 3596 Unused Serialized files (Serialized files now loaded: 0)
Unloading 27 unused Assets / (42.7 KB). Loaded Objects now: 4060.
Memory consumption went from 0.53 GB to 0.53 GB.
Total: 2.445208 ms (FindLiveObjects: 0.160417 ms CreateObjectMapping: 0.048125 ms MarkObjects: 2.190250 ms  DeleteObjects: 0.045750 ms)

AssetImportParameters requested are different than current active one (requested -> active):
  custom:video-decoder-ogg-theora: a1e56fd34408186e4bbccfd4996cb3dc -> 
  custom:container-muxer-webm: aa71ff27fc2769a1b78a27578f13a17b -> 
  custom:container-demuxer-webm: 4f35f7cbe854078d1ac9338744f61a02 -> 
  custom:video-encoder-webm-vp8: eb34c28f22e8b96e1ab97ce403110664 -> 
  custom:framework-osx-AVFoundation: e770b220cccbd017edd2c1fefb359320 -> 
  custom:audio-encoder-webm-vorbis: bf7c407c2cedff20999df2af8eb42d56 -> 
  custom:container-demuxer-ogg: 62fdf1f143b41e24485cea50d1cbac27 -> 
  custom:video-decoder-webm-vp8: 9c59270c3fd7afecdb556c50c9e8de78 -> 
  custom:audio-decoder-ogg-vorbis: bf7c407c2cedff20999df2af8eb42d56 -> 
========================================================================
Received Import Request.
  Time since last request: 909926.054382 seconds.
  path: Assets/Materials/bleu clair.mat
  artifactKey: Guid(84b70db9026d24f5887463e9934fb3ac) Importer(815301076,1909f56bfc062723c751e8b465ee728b)
Start importing Assets/Materials/bleu clair.mat using Guid(84b70db9026d24f5887463e9934fb3ac) Importer(815301076,1909f56bfc062723c751e8b465ee728b)  -> (artifact id: '44de2c1993f34daee9ed7e56027ff2aa') in 0.121397 seconds 
========================================================================
Received Import Request.
  Time since last request: 771.490597 seconds.
  path: Assets/Gems and gold/Flare.png
  artifactKey: Guid(887478d88ef86114d8b01cd9f4cb3a58) Importer(815301076,1909f56bfc062723c751e8b465ee728b)
Start importing Assets/Gems and gold/Flare.png using Guid(887478d88ef86114d8b01cd9f4cb3a58) Importer(815301076,1909f56bfc062723c751e8b465ee728b)  -> (artifact id: '30d1f6f1c845b22e10bee00e5400471f') in 0.794804 seconds 
========================================================================
Received Import Request.
  Time since last request: 38.698106 seconds.
  path: Assets/Gems and gold/Coins
  artifactKey: Guid(899d0fc3a562c7249977b442dac63479) Importer(815301076,1909f56bfc062723c751e8b465ee728b)
Start importing Assets/Gems and gold/Coins using Guid(899d0fc3a562c7249977b442dac63479) Importer(815301076,1909f56bfc062723c751e8b465ee728b)  -> (artifact id: '2dbe169457f2836a8dd7e716c9cfe531') in 0.002178 seconds 
========================================================================
Received Import Request.
  Time since last request: 1.279836 seconds.
  path: Assets/Gems and gold/Coins/PNG 256
  artifactKey: Guid(62c015905b876a248b825c894fefc05e) Importer(815301076,1909f56bfc062723c751e8b465ee728b)
Start importing Assets/Gems and gold/Coins/PNG 256 using Guid(62c015905b876a248b825c894fefc05e) Importer(815301076,1909f56bfc062723c751e8b465ee728b)  -> (artifact id: '0ab36f3b16b8e2b697899132b65ba8d9') in 0.001662 seconds 
========================================================================
Received Import Request.
  Time since last request: 0.061010 seconds.
  path: Assets/Gems and gold/Coins/PNG 256/Bag Coins.png
  artifactKey: Guid(5f406b6599ab5a243ba1489dbe125fa2) Importer(815301076,1909f56bfc062723c751e8b465ee728b)
Start importing Assets/Gems and gold/Coins/PNG 256/Bag Coins.png using Guid(5f406b6599ab5a243ba1489dbe125fa2) Importer(815301076,1909f56bfc062723c751e8b465ee728b)  -> (artifact id: '7e278ef0fcf6dea974080368a814eb19') in 0.018184 seconds 
========================================================================
Received Import Request.
  Time since last request: 0.000051 seconds.
  path: Assets/Gems and gold/Coins/PNG 256/Coins 5.png
  artifactKey: Guid(c303a323048e00843bc7289e4c055843) Importer(815301076,1909f56bfc062723c751e8b465ee728b)
Start importing Assets/Gems and gold/Coins/PNG 256/Coins 5.png using Guid(c303a323048e00843bc7289e4c055843) Importer(815301076,1909f56bfc062723c751e8b465ee728b)  -> (artifact id: 'ee89eb16c5406f32bfa155c679b5297c') in 0.012897 seconds 
========================================================================
Received Import Request.
  Time since last request: 0.000043 seconds.
  path: Assets/Gems and gold/Coins/PNG 256/Chest Coins.png
  artifactKey: Guid(9a0dcebc10c84d645908217906deb19a) Importer(815301076,1909f56bfc062723c751e8b465ee728b)
Start importing Assets/Gems and gold/Coins/PNG 256/Chest Coins.png using Guid(9a0dcebc10c84d645908217906deb19a) Importer(815301076,1909f56bfc062723c751e8b465ee728b)  -> (artifact id: 'b2684587573ce817a5b25a57889511cb') in 0.011982 seconds 
========================================================================
Received Import Request.
  Time since last request: 0.000099 seconds.
  path: Assets/Gems and gold/Coins/PNG 256/Coins 6.png
  artifactKey: Guid(e0f7d847defdb3444bbfe9684523f555) Importer(815301076,1909f56bfc062723c751e8b465ee728b)
Start importing Assets/Gems and gold/Coins/PNG 256/Coins 6.png using Guid(e0f7d847defdb3444bbfe9684523f555) Importer(815301076,1909f56bfc062723c751e8b465ee728b)  -> (artifact id: 'ce426a81d9c48bae7001170fe53a0f6b') in 0.012832 seconds 
========================================================================
Received Import Request.
  Time since last request: 0.000037 seconds.
  path: Assets/Gems and gold/Coins/PNG 256/Coins 4.png
  artifactKey: Guid(3cc08f6a5f18b164184b9854ffa642ba) Importer(815301076,1909f56bfc062723c751e8b465ee728b)
Start importing Assets/Gems and gold/Coins/PNG 256/Coins 4.png using Guid(3cc08f6a5f18b164184b9854ffa642ba) Importer(815301076,1909f56bfc062723c751e8b465ee728b)  -> (artifact id: '0ef4fabfd19bd22928e01e5bd4e1c192') in 0.012333 seconds 
========================================================================
Received Import Request.
  Time since last request: 0.000048 seconds.
  path: Assets/Gems and gold/Coins/PNG 256/Coins 2.png
  artifactKey: Guid(610ddc6df238c184b8d6f40916a913c0) Importer(815301076,1909f56bfc062723c751e8b465ee728b)
Start importing Assets/Gems and gold/Coins/PNG 256/Coins 2.png using Guid(610ddc6df238c184b8d6f40916a913c0) Importer(815301076,1909f56bfc062723c751e8b465ee728b)  -> (artifact id: '8e3bf93e0555b03f03cf8a9aea950b71') in 0.020943 seconds 
========================================================================
Received Import Request.
  Time since last request: 0.000071 seconds.
  path: Assets/Gems and gold/Coins/PNG 256/Coins 1.png
  artifactKey: Guid(53bf30f8d655f6a4193cce98284b99e1) Importer(815301076,1909f56bfc062723c751e8b465ee728b)
Start importing Assets/Gems and gold/Coins/PNG 256/Coins 1.png using Guid(53bf30f8d655f6a4193cce98284b99e1) Importer(815301076,1909f56bfc062723c751e8b465ee728b)  -> (artifact id: '90ffca7f064937d69c6c3ea57a3722cb') in 0.019324 seconds 
========================================================================
Received Import Request.
  Time since last request: 13.180930 seconds.
  path: Assets/Gems and gold/Coins/PNG 512
  artifactKey: Guid(2f676ab317e0bd54abfec8cbe789e0d5) Importer(815301076,1909f56bfc062723c751e8b465ee728b)
Start importing Assets/Gems and gold/Coins/PNG 512 using Guid(2f676ab317e0bd54abfec8cbe789e0d5) Importer(815301076,1909f56bfc062723c751e8b465ee728b)  -> (artifact id: 'ebab17006ca7f8ba13c717e54d70826e') in 0.002093 seconds 
========================================================================
Received Import Request.
  Time since last request: 0.055641 seconds.
  path: Assets/Gems and gold/Coins/PNG 512/Bag Coins.png
  artifactKey: Guid(1b24ac9e62f798f49b7b17b31a58401f) Importer(815301076,1909f56bfc062723c751e8b465ee728b)
Start importing Assets/Gems and gold/Coins/PNG 512/Bag Coins.png using Guid(1b24ac9e62f798f49b7b17b31a58401f) Importer(815301076,1909f56bfc062723c751e8b465ee728b)  -> (artifact id: '8be8db3fb9825f35131cd1b3cf9cb95e') in 0.028459 seconds 
========================================================================
Received Import Request.
  Time since last request: 0.000096 seconds.
  path: Assets/Gems and gold/Coins/PNG 512/Bucket Coins.png
  artifactKey: Guid(5052cf3a3365f3f4a8df0f4252e217ae) Importer(815301076,1909f56bfc062723c751e8b465ee728b)
Start importing Assets/Gems and gold/Coins/PNG 512/Bucket Coins.png using Guid(5052cf3a3365f3f4a8df0f4252e217ae) Importer(815301076,1909f56bfc062723c751e8b465ee728b)  -> (artifact id: 'fc73193b3c4669142d72ed981cd13ccb') in 0.021247 seconds 
========================================================================
Received Import Request.
  Time since last request: 0.000029 seconds.
  path: Assets/Gems and gold/Coins/PNG 512/Chest Coins.png
  artifactKey: Guid(4bafedde147450e41b901b9ebc5416e3) Importer(815301076,1909f56bfc062723c751e8b465ee728b)
Start importing Assets/Gems and gold/Coins/PNG 512/Chest Coins.png using Guid(4bafedde147450e41b901b9ebc5416e3) Importer(815301076,1909f56bfc062723c751e8b465ee728b)  -> (artifact id: '5dbdf96c30c58e02452b4a69e1b0ea2e') in 0.019470 seconds 
========================================================================
Received Import Request.
  Time since last request: 0.000034 seconds.
  path: Assets/Gems and gold/Coins/PNG 512/Coins 6.png
  artifactKey: Guid(bcd58c373a5afc744a72242541980538) Importer(815301076,1909f56bfc062723c751e8b465ee728b)
Start importing Assets/Gems and gold/Coins/PNG 512/Coins 6.png using Guid(bcd58c373a5afc744a72242541980538) Importer(815301076,1909f56bfc062723c751e8b465ee728b)  -> (artifact id: 'ba8cb23ec087bccdce279d104034f3f4') in 0.019337 seconds 
========================================================================
Received Import Request.
  Time since last request: 0.000044 seconds.
  path: Assets/Gems and gold/Coins/PNG 512/Coins 4.png
  artifactKey: Guid(b41359dae2fcbaa4bb7986b5ccb52980) Importer(815301076,1909f56bfc062723c751e8b465ee728b)
Start importing Assets/Gems and gold/Coins/PNG 512/Coins 4.png using Guid(b41359dae2fcbaa4bb7986b5ccb52980) Importer(815301076,1909f56bfc062723c751e8b465ee728b)  -> (artifact id: '00759711403d294c632d1d9eaa769f90') in 0.018230 seconds 
========================================================================
Received Import Request.
  Time since last request: 5.575985 seconds.
  path: Assets/Gems and gold/Coins/PNG 1024
  artifactKey: Guid(6dc06e219d3215648a0caf88eab18d66) Importer(815301076,1909f56bfc062723c751e8b465ee728b)
Start importing Assets/Gems and gold/Coins/PNG 1024 using Guid(6dc06e219d3215648a0caf88eab18d66) Importer(815301076,1909f56bfc062723c751e8b465ee728b)  -> (artifact id: '6e8549eb0648f669889ec4f13946672e') in 0.001825 seconds 
========================================================================
Received Import Request.
  Time since last request: 0.056886 seconds.
  path: Assets/Gems and gold/Coins/PNG 1024/Bag Coins.png
  artifactKey: Guid(c08e5ca35e5edc54493663f56c01f0a4) Importer(815301076,1909f56bfc062723c751e8b465ee728b)
Start importing Assets/Gems and gold/Coins/PNG 1024/Bag Coins.png using Guid(c08e5ca35e5edc54493663f56c01f0a4) Importer(815301076,1909f56bfc062723c751e8b465ee728b)  -> (artifact id: 'a36ee701804d1ba542f08cfe44bfe9b4') in 0.059726 seconds 
========================================================================
Received Import Request.
  Time since last request: 0.000032 seconds.
  path: Assets/Gems and gold/Coins/PNG 1024/Bucket Coins.png
  artifactKey: Guid(fa9757de5a3477e48ae471833d488de8) Importer(815301076,1909f56bfc062723c751e8b465ee728b)
Start importing Assets/Gems and gold/Coins/PNG 1024/Bucket Coins.png using Guid(fa9757de5a3477e48ae471833d488de8) Importer(815301076,1909f56bfc062723c751e8b465ee728b)  -> (artifact id: '32067ea6d6b2c855e9754d09a7b08127') in 0.052457 seconds 
========================================================================
Received Import Request.
  Time since last request: 0.000043 seconds.
  path: Assets/Gems and gold/Coins/PNG 1024/Coins 5.png
  artifactKey: Guid(c14bad3e70d35ed46beb09cd93497761) Importer(815301076,1909f56bfc062723c751e8b465ee728b)
Start importing Assets/Gems and gold/Coins/PNG 1024/Coins 5.png using Guid(c14bad3e70d35ed46beb09cd93497761) Importer(815301076,1909f56bfc062723c751e8b465ee728b)  -> (artifact id: 'fdaaa59ad57759a902f241c39e5ec4bd') in 0.052137 seconds 
========================================================================
Received Import Request.
  Time since last request: 0.000048 seconds.
  path: Assets/Gems and gold/Coins/PNG 1024/Chest Coins.png
  artifactKey: Guid(c3501d83fb4598342ad0b808e02ff124) Importer(815301076,1909f56bfc062723c751e8b465ee728b)
Start importing Assets/Gems and gold/Coins/PNG 1024/Chest Coins.png using Guid(c3501d83fb4598342ad0b808e02ff124) Importer(815301076,1909f56bfc062723c751e8b465ee728b)  -> (artifact id: '78b407902f27cdde3d6ea3a02a6f72d6') in 0.046064 seconds 
========================================================================
Received Import Request.
  Time since last request: 0.000048 seconds.
  path: Assets/Gems and gold/Coins/PNG 1024/Coins 2.png
  artifactKey: Guid(e63932284cacf4149bcdd5fbd1da08dd) Importer(815301076,1909f56bfc062723c751e8b465ee728b)
Start importing Assets/Gems and gold/Coins/PNG 1024/Coins 2.png using Guid(e63932284cacf4149bcdd5fbd1da08dd) Importer(815301076,1909f56bfc062723c751e8b465ee728b)  -> (artifact id: 'ea5d825ef943e3d377cbbfb57579d39b') in 0.042510 seconds 
========================================================================
Received Import Request.
  Time since last request: 5.749248 seconds.
  path: Assets/Gems and gold/Coins/PSD
  artifactKey: Guid(7d0d0465e0b13224296811e9cdb79af3) Importer(815301076,1909f56bfc062723c751e8b465ee728b)
Start importing Assets/Gems and gold/Coins/PSD using Guid(7d0d0465e0b13224296811e9cdb79af3) Importer(815301076,1909f56bfc062723c751e8b465ee728b)  -> (artifact id: '0bdd08fc2fe58cca5e6cb632adeee804') in 0.001441 seconds 
========================================================================
Received Import Request.
  Time since last request: 0.392029 seconds.
  path: Assets/Gems and gold/Coins/PSD/Bag Coins.psd
  artifactKey: Guid(de58b495b3ed09841bc6386fe72be789) Importer(815301076,1909f56bfc062723c751e8b465ee728b)
Start importing Assets/Gems and gold/Coins/PSD/Bag Coins.psd using Guid(de58b495b3ed09841bc6386fe72be789) Importer(815301076,1909f56bfc062723c751e8b465ee728b)  -> (artifact id: '4c2719bec7f0e4e4097aad41df516e3e') in 0.118778 seconds 
========================================================================
Received Import Request.
  Time since last request: 0.000035 seconds.
  path: Assets/Gems and gold/Coins/PSD/Coins 3.psd
  artifactKey: Guid(3766c95c367293a458903da2a7a896ab) Importer(815301076,1909f56bfc062723c751e8b465ee728b)
Start importing Assets/Gems and gold/Coins/PSD/Coins 3.psd using Guid(3766c95c367293a458903da2a7a896ab) Importer(815301076,1909f56bfc062723c751e8b465ee728b)  -> (artifact id: '30f5bae6e737d80a4a1089b839269954') in 0.048062 seconds 
========================================================================
Received Import Request.
  Time since last request: 0.000048 seconds.
  path: Assets/Gems and gold/Coins/PSD/Coins 5.psd
  artifactKey: Guid(07993ef27276ed74e90e5dc3254725d3) Importer(815301076,1909f56bfc062723c751e8b465ee728b)
Start importing Assets/Gems and gold/Coins/PSD/Coins 5.psd using Guid(07993ef27276ed74e90e5dc3254725d3) Importer(815301076,1909f56bfc062723c751e8b465ee728b)  -> (artifact id: '953c2eeb34a50545291a5f04e10c7bf9') in 0.046677 seconds 
========================================================================
Received Import Request.
  Time since last request: 0.000039 seconds.
  path: Assets/Gems and gold/Coins/PSD/Chest Coins.psd
  artifactKey: Guid(60af559b9183a60469c00cbd9088d567) Importer(815301076,1909f56bfc062723c751e8b465ee728b)
Start importing Assets/Gems and gold/Coins/PSD/Chest Coins.psd using Guid(60af559b9183a60469c00cbd9088d567) Importer(815301076,1909f56bfc062723c751e8b465ee728b)  -> (artifact id: '7d5b70184f47bcbc28485acafa1c0c84') in 0.047546 seconds 
========================================================================
Received Import Request.
  Time since last request: 0.000024 seconds.
  path: Assets/Gems and gold/Coins/PSD/Coins 4.psd
  artifactKey: Guid(10cbaab949e46b7479779fa9f0bb5acb) Importer(815301076,1909f56bfc062723c751e8b465ee728b)
Start importing Assets/Gems and gold/Coins/PSD/Coins 4.psd using Guid(10cbaab949e46b7479779fa9f0bb5acb) Importer(815301076,1909f56bfc062723c751e8b465ee728b)  -> (artifact id: '81d4f53b9bcca28174477a96040b3060') in 0.046945 seconds 
========================================================================
Received Import Request.
  Time since last request: 21.339728 seconds.
  path: Assets/Gems and gold/Demo
  artifactKey: Guid(2c04afff36d375e40b65dd1bff099caf) Importer(815301076,1909f56bfc062723c751e8b465ee728b)
Start importing Assets/Gems and gold/Demo using Guid(2c04afff36d375e40b65dd1bff099caf) Importer(815301076,1909f56bfc062723c751e8b465ee728b)  -> (artifact id: '2e39bb12da7fc0593f7062212de3b960') in 0.001535 seconds 
========================================================================
Received Import Request.
  Time since last request: 0.055184 seconds.
  path: Assets/Gems and gold/Demo/Background.png
  artifactKey: Guid(159760fb3d2b60b42a3549c92bf8767f) Importer(815301076,1909f56bfc062723c751e8b465ee728b)
Start importing Assets/Gems and gold/Demo/Background.png using Guid(159760fb3d2b60b42a3549c92bf8767f) Importer(815301076,1909f56bfc062723c751e8b465ee728b)  -> (artifact id: '04f489c1495c565b5428896d1f69077b') in 0.078596 seconds 
========================================================================
Received Import Request.
  Time since last request: 2.552934 seconds.
  path: Assets/Gems and gold/Demo prefabs
  artifactKey: Guid(223cc1e04fde17943ade0a4df1ee86cd) Importer(815301076,1909f56bfc062723c751e8b465ee728b)
Start importing Assets/Gems and gold/Demo prefabs using Guid(223cc1e04fde17943ade0a4df1ee86cd) Importer(815301076,1909f56bfc062723c751e8b465ee728b)  -> (artifact id: '1f86a2e804a728c21875cd1052ed5c66') in 0.001413 seconds 
========================================================================
Received Import Request.
  Time since last request: 0.078465 seconds.
  path: Assets/Gems and gold/Demo prefabs/Canvases.prefab
  artifactKey: Guid(71bef8602d160b84c95d83e4d2c7087f) Importer(815301076,1909f56bfc062723c751e8b465ee728b)
Start importing Assets/Gems and gold/Demo prefabs/Canvases.prefab using Guid(71bef8602d160b84c95d83e4d2c7087f) Importer(815301076,1909f56bfc062723c751e8b465ee728b)  -> (artifact id: 'efe4dc4bc185cff8daecfac73a7545da') in 0.047962 seconds 
========================================================================
Received Import Request.
  Time since last request: 2.378457 seconds.
  path: Assets/Gems and gold/Diamonds
  artifactKey: Guid(6489f7014a929244a8863b19635caad8) Importer(815301076,1909f56bfc062723c751e8b465ee728b)
Start importing Assets/Gems and gold/Diamonds using Guid(6489f7014a929244a8863b19635caad8) Importer(815301076,1909f56bfc062723c751e8b465ee728b)  -> (artifact id: '2af656b3ced15dcbf3ae6d4389fd9f45') in 0.001334 seconds 
========================================================================
Received Import Request.
  Time since last request: 1.757902 seconds.
  path: Assets/Gems and gold/Diamonds/Bag
  artifactKey: Guid(d9b3ce1419d755f42b2fc92ca4e2e836) Importer(815301076,1909f56bfc062723c751e8b465ee728b)
Start importing Assets/Gems and gold/Diamonds/Bag using Guid(d9b3ce1419d755f42b2fc92ca4e2e836) Importer(815301076,1909f56bfc062723c751e8b465ee728b)  -> (artifact id: 'dd4b093b2f6adfd97b047d1e0ae52861') in 0.001997 seconds 
========================================================================
Received Import Request.
  Time since last request: 1.059323 seconds.
  path: Assets/Gems and gold/Diamonds/Bag/PNG 256
  artifactKey: Guid(f336d12529d0a8f46aaa8c1fef882e17) Importer(815301076,1909f56bfc062723c751e8b465ee728b)
Start importing Assets/Gems and gold/Diamonds/Bag/PNG 256 using Guid(f336d12529d0a8f46aaa8c1fef882e17) Importer(815301076,1909f56bfc062723c751e8b465ee728b)  -> (artifact id: '012358c2fc7a2000079ed7112d699890') in 0.001347 seconds 
========================================================================
Received Import Request.
  Time since last request: 0.058952 seconds.
  path: Assets/Gems and gold/Diamonds/Bag/PNG 256/Bag BD.png
  artifactKey: Guid(4e8fec6c73227304db191748efd57a5b) Importer(815301076,1909f56bfc062723c751e8b465ee728b)
Start importing Assets/Gems and gold/Diamonds/Bag/PNG 256/Bag BD.png using Guid(4e8fec6c73227304db191748efd57a5b) Importer(815301076,1909f56bfc062723c751e8b465ee728b)  -> (artifact id: '750cff5f1995f9b0f0698e6d70913fb9') in 0.016651 seconds 
========================================================================
Received Import Request.
  Time since last request: 0.000075 seconds.
  path: Assets/Gems and gold/Diamonds/Bag/PNG 256/Bag YD.png
  artifactKey: Guid(7f79f69b6ef35f74184f867cd874baee) Importer(815301076,1909f56bfc062723c751e8b465ee728b)
Start importing Assets/Gems and gold/Diamonds/Bag/PNG 256/Bag YD.png using Guid(7f79f69b6ef35f74184f867cd874baee) Importer(815301076,1909f56bfc062723c751e8b465ee728b)  -> (artifact id: 'd1f5d5eb81df62378fb39423619d406b') in 0.015070 seconds 
========================================================================
Received Import Request.
  Time since last request: 3.042739 seconds.
  path: Assets/Gems and gold/Diamonds/Bag/PNG 512
  artifactKey: Guid(d6b9548b200158549b778b6850a0c19b) Importer(815301076,1909f56bfc062723c751e8b465ee728b)
Start importing Assets/Gems and gold/Diamonds/Bag/PNG 512 using Guid(d6b9548b200158549b778b6850a0c19b) Importer(815301076,1909f56bfc062723c751e8b465ee728b)  -> (artifact id: 'f4fdfde78d101d9a0ae76c68fc14bcbf') in 0.001321 seconds 
========================================================================
Received Import Request.
  Time since last request: 0.057957 seconds.
  path: Assets/Gems and gold/Diamonds/Bag/PNG 512/Bag BD.png
  artifactKey: Guid(f0a66ca95d6b3dc43b253204863d8b94) Importer(815301076,1909f56bfc062723c751e8b465ee728b)
Start importing Assets/Gems and gold/Diamonds/Bag/PNG 512/Bag BD.png using Guid(f0a66ca95d6b3dc43b253204863d8b94) Importer(815301076,1909f56bfc062723c751e8b465ee728b)  -> (artifact id: '4dbf367fda600448f31035d7ec04cc39') in 0.027247 seconds 
========================================================================
Received Import Request.
  Time since last request: 0.000055 seconds.
  path: Assets/Gems and gold/Diamonds/Bag/PNG 512/Bag GD.png
  artifactKey: Guid(a22c2db775f83ce4f8b847be527afdd8) Importer(815301076,1909f56bfc062723c751e8b465ee728b)
Start importing Assets/Gems and gold/Diamonds/Bag/PNG 512/Bag GD.png using Guid(a22c2db775f83ce4f8b847be527afdd8) Importer(815301076,1909f56bfc062723c751e8b465ee728b)  -> (artifact id: 'c713933b24cd30a781c2d2db5b8b16bf') in 0.018967 seconds 
========================================================================
Received Import Request.
  Time since last request: 3.844740 seconds.
  path: Assets/Gems and gold/Diamonds/Barrel
  artifactKey: Guid(d4c8dfc642c01e04cb7a528971db6cc1) Importer(815301076,1909f56bfc062723c751e8b465ee728b)
Start importing Assets/Gems and gold/Diamonds/Barrel using Guid(d4c8dfc642c01e04cb7a528971db6cc1) Importer(815301076,1909f56bfc062723c751e8b465ee728b)  -> (artifact id: 'a2c7f8fc772c713f67fc8c7bbabd0dd8') in 0.001087 seconds 
========================================================================
Received Import Request.
  Time since last request: 0.955277 seconds.
  path: Assets/Gems and gold/Diamonds/Barrel/PNG 512
  artifactKey: Guid(44f50b39c0f2d1b4e9c110b181c79ab0) Importer(815301076,1909f56bfc062723c751e8b465ee728b)
Start importing Assets/Gems and gold/Diamonds/Barrel/PNG 512 using Guid(44f50b39c0f2d1b4e9c110b181c79ab0) Importer(815301076,1909f56bfc062723c751e8b465ee728b)  -> (artifact id: 'b8ef5918517171d22124aa6bc5c086fb') in 0.002291 seconds 
========================================================================
Received Import Request.
  Time since last request: 0.081871 seconds.
  path: Assets/Gems and gold/Diamonds/Barrel/PNG 512/Barrel BD.png
  artifactKey: Guid(51f9536d8743a454d8bc0588904efecd) Importer(815301076,1909f56bfc062723c751e8b465ee728b)
Start importing Assets/Gems and gold/Diamonds/Barrel/PNG 512/Barrel BD.png using Guid(51f9536d8743a454d8bc0588904efecd) Importer(815301076,1909f56bfc062723c751e8b465ee728b)  -> (artifact id: '4e87fff4bcee828d8b71dd88f2b5a690') in 0.027731 seconds 
========================================================================
Received Import Request.
  Time since last request: 0.000048 seconds.
  path: Assets/Gems and gold/Diamonds/Barrel/PNG 512/Barrel GD.png
  artifactKey: Guid(a78512f9be4f9a344919d03733c0a7ce) Importer(815301076,1909f56bfc062723c751e8b465ee728b)
Start importing Assets/Gems and gold/Diamonds/Barrel/PNG 512/Barrel GD.png using Guid(a78512f9be4f9a344919d03733c0a7ce) Importer(815301076,1909f56bfc062723c751e8b465ee728b)  -> (artifact id: '3491238e27d2218a9779c2a7ed3c946e') in 0.021906 seconds 
========================================================================
Received Import Request.
  Time since last request: 2.773546 seconds.
  path: Assets/Gems and gold/Diamonds/Basic
  artifactKey: Guid(551f76ff4910d4e47a4c129faaff8304) Importer(815301076,1909f56bfc062723c751e8b465ee728b)
Start importing Assets/Gems and gold/Diamonds/Basic using Guid(551f76ff4910d4e47a4c129faaff8304) Importer(815301076,1909f56bfc062723c751e8b465ee728b)  -> (artifact id: '98bee3efe5ae9054373d8b2e599459f3') in 0.002330 seconds 
========================================================================
Received Import Request.
  Time since last request: 0.055347 seconds.
  path: Assets/Gems and gold/Diamonds/Basic/Diamonds PNG 256.png
  artifactKey: Guid(0c9b1d0b2a4552241a19ab70af3b4ee3) Importer(815301076,1909f56bfc062723c751e8b465ee728b)
Start importing Assets/Gems and gold/Diamonds/Basic/Diamonds PNG 256.png using Guid(0c9b1d0b2a4552241a19ab70af3b4ee3) Importer(815301076,1909f56bfc062723c751e8b465ee728b)  -> (artifact id: '3b75dfe36cabe01b90983ea60621fd88') in 0.022389 seconds 
========================================================================
Received Import Request.
  Time since last request: 0.000042 seconds.
  path: Assets/Gems and gold/Diamonds/Basic/Diamonds PNG 1024.png
  artifactKey: Guid(22dd6ca839bb41f4ea2a5e1e0eb58ae9) Importer(815301076,1909f56bfc062723c751e8b465ee728b)
Start importing Assets/Gems and gold/Diamonds/Basic/Diamonds PNG 1024.png using Guid(22dd6ca839bb41f4ea2a5e1e0eb58ae9) Importer(815301076,1909f56bfc062723c751e8b465ee728b)  -> (artifact id: '068459ddf44eaa02dd9b950f6adb48d4') in 0.038788 seconds 
========================================================================
Received Import Request.
  Time since last request: 3.963145 seconds.
  path: Assets/Gems and gold/Diamonds/Basic/Big
  artifactKey: Guid(cc593b4f629f244418bf622c340660a1) Importer(815301076,1909f56bfc062723c751e8b465ee728b)
Start importing Assets/Gems and gold/Diamonds/Basic/Big using Guid(cc593b4f629f244418bf622c340660a1) Importer(815301076,1909f56bfc062723c751e8b465ee728b)  -> (artifact id: 'eb5151960fa05fe7a4206c71aae37b8a') in 0.001359 seconds 
========================================================================
Received Import Request.
  Time since last request: 1.178705 seconds.
  path: Assets/Gems and gold/Diamonds/Basic/Big/PNG 256
  artifactKey: Guid(0f1be1ddec55d444898b42f10a56bd30) Importer(815301076,1909f56bfc062723c751e8b465ee728b)
Start importing Assets/Gems and gold/Diamonds/Basic/Big/PNG 256 using Guid(0f1be1ddec55d444898b42f10a56bd30) Importer(815301076,1909f56bfc062723c751e8b465ee728b)  -> (artifact id: 'fd628caf9c81c35e6ceab06dc8d9e409') in 0.001181 seconds 
========================================================================
Received Import Request.
  Time since last request: 0.078220 seconds.
  path: Assets/Gems and gold/Diamonds/Basic/Big/PNG 256/Diamonds B.png
  artifactKey: Guid(9af4467bcae1d9648a518df816a1859a) Importer(815301076,1909f56bfc062723c751e8b465ee728b)
Start importing Assets/Gems and gold/Diamonds/Basic/Big/PNG 256/Diamonds B.png using Guid(9af4467bcae1d9648a518df816a1859a) Importer(815301076,1909f56bfc062723c751e8b465ee728b)  -> (artifact id: 'd825a8637ed040fd9dc4aef4f809522d') in 0.016809 seconds 
========================================================================
Received Import Request.
  Time since last request: 0.000066 seconds.
  path: Assets/Gems and gold/Diamonds/Basic/Big/PNG 256/Diamonds G.png
  artifactKey: Guid(e9a4692ef7a90d441bae4450077d031e) Importer(815301076,1909f56bfc062723c751e8b465ee728b)
Start importing Assets/Gems and gold/Diamonds/Basic/Big/PNG 256/Diamonds G.png using Guid(e9a4692ef7a90d441bae4450077d031e) Importer(815301076,1909f56bfc062723c751e8b465ee728b)  -> (artifact id: 'b75acd74abf4e6bfa6f7235b60826e6e') in 0.013197 seconds 
========================================================================
Received Import Request.
  Time since last request: 0.000041 seconds.
  path: Assets/Gems and gold/Diamonds/Basic/Big/PNG 256/Diamonds Y.png
  artifactKey: Guid(c13772fd82bba934cbc19c1f4e830dc7) Importer(815301076,1909f56bfc062723c751e8b465ee728b)
Start importing Assets/Gems and gold/Diamonds/Basic/Big/PNG 256/Diamonds Y.png using Guid(c13772fd82bba934cbc19c1f4e830dc7) Importer(815301076,1909f56bfc062723c751e8b465ee728b)  -> (artifact id: '9bb64df365d3074cd55ae21de1d1f63c') in 0.010861 seconds 
========================================================================
Received Import Request.
  Time since last request: 3.076042 seconds.
  path: Assets/Gems and gold/Diamonds/Bucket
  artifactKey: Guid(8d0d75dfda2d68f459dc1308f77ace86) Importer(815301076,1909f56bfc062723c751e8b465ee728b)
Start importing Assets/Gems and gold/Diamonds/Bucket using Guid(8d0d75dfda2d68f459dc1308f77ace86) Importer(815301076,1909f56bfc062723c751e8b465ee728b)  -> (artifact id: '436923e3a073a88f03b1ad91c086b760') in 0.001362 seconds 
========================================================================
Received Import Request.
  Time since last request: 0.836874 seconds.
  path: Assets/Gems and gold/Diamonds/Bucket/PSD
  artifactKey: Guid(019959b1b5faa544db404c33c1a276e7) Importer(815301076,1909f56bfc062723c751e8b465ee728b)
Start importing Assets/Gems and gold/Diamonds/Bucket/PSD using Guid(019959b1b5faa544db404c33c1a276e7) Importer(815301076,1909f56bfc062723c751e8b465ee728b)  -> (artifact id: 'aa01c97d4607944d74549785017a3da3') in 0.001129 seconds 
========================================================================
Received Import Request.
  Time since last request: 0.121727 seconds.
  path: Assets/Gems and gold/Diamonds/Bucket/PSD/Bucket BD.psd
  artifactKey: Guid(94caa279090cdc7409b1f312c3115a79) Importer(815301076,1909f56bfc062723c751e8b465ee728b)
Start importing Assets/Gems and gold/Diamonds/Bucket/PSD/Bucket BD.psd using Guid(94caa279090cdc7409b1f312c3115a79) Importer(815301076,1909f56bfc062723c751e8b465ee728b)  -> (artifact id: '251722314534c5eb7af5d35399d29246') in 0.064493 seconds 
========================================================================
Received Import Request.
  Time since last request: 0.000064 seconds.
  path: Assets/Gems and gold/Diamonds/Bucket/PSD/Bucket YD.psd
  artifactKey: Guid(37197207a06d59742b2b1103b4c30c46) Importer(815301076,1909f56bfc062723c751e8b465ee728b)
Start importing Assets/Gems and gold/Diamonds/Bucket/PSD/Bucket YD.psd using Guid(37197207a06d59742b2b1103b4c30c46) Importer(815301076,1909f56bfc062723c751e8b465ee728b)  -> (artifact id: '57d41560d6ce9da718959daf242cd7dd') in 0.045274 seconds 
========================================================================
Received Import Request.
  Time since last request: 0.000038 seconds.
  path: Assets/Gems and gold/Diamonds/Bucket/PSD/Bucket PD.psd
  artifactKey: Guid(830b4a96debab3649bf627e66dc89ce4) Importer(815301076,1909f56bfc062723c751e8b465ee728b)
Start importing Assets/Gems and gold/Diamonds/Bucket/PSD/Bucket PD.psd using Guid(830b4a96debab3649bf627e66dc89ce4) Importer(815301076,1909f56bfc062723c751e8b465ee728b)  -> (artifact id: '5ecbbab1c6cd869973cb08de40b55d96') in 0.044957 seconds 
========================================================================
Received Import Request.
  Time since last request: 2.659230 seconds.
  path: Assets/Gems and gold/Diamonds/Chest
  artifactKey: Guid(036e2d71cca88d141aa824884d8ef225) Importer(815301076,1909f56bfc062723c751e8b465ee728b)
Start importing Assets/Gems and gold/Diamonds/Chest using Guid(036e2d71cca88d141aa824884d8ef225) Importer(815301076,1909f56bfc062723c751e8b465ee728b)  -> (artifact id: 'c1ca25669a049400059cbd93b1d488cb') in 0.001345 seconds 
========================================================================
Received Import Request.
  Time since last request: 1.524704 seconds.
  path: Assets/Gems and gold/Diamonds/Chest/PNG 1024
  artifactKey: Guid(ea57950d8f8889b4f932560408e957d2) Importer(815301076,1909f56bfc062723c751e8b465ee728b)
Start importing Assets/Gems and gold/Diamonds/Chest/PNG 1024 using Guid(ea57950d8f8889b4f932560408e957d2) Importer(815301076,1909f56bfc062723c751e8b465ee728b)  -> (artifact id: '0f5454e7966523a70eee7f8e8143e5d5') in 0.000941 seconds 
========================================================================
Received Import Request.
  Time since last request: 0.063363 seconds.
  path: Assets/Gems and gold/Diamonds/Chest/PNG 1024/Chest BD.png
  artifactKey: Guid(a8294cf23894fce49976084e8d211079) Importer(815301076,1909f56bfc062723c751e8b465ee728b)
Start importing Assets/Gems and gold/Diamonds/Chest/PNG 1024/Chest BD.png using Guid(a8294cf23894fce49976084e8d211079) Importer(815301076,1909f56bfc062723c751e8b465ee728b)  -> (artifact id: 'f5c46701312d74654f07dce892987ab6') in 0.060040 seconds 
========================================================================
Received Import Request.
  Time since last request: 0.000040 seconds.
  path: Assets/Gems and gold/Diamonds/Chest/PNG 1024/Chest PD.png
  artifactKey: Guid(23ac753f6abfd704c8f4ea9e27ff469b) Importer(815301076,1909f56bfc062723c751e8b465ee728b)
Start importing Assets/Gems and gold/Diamonds/Chest/PNG 1024/Chest PD.png using Guid(23ac753f6abfd704c8f4ea9e27ff469b) Importer(815301076,1909f56bfc062723c751e8b465ee728b)  -> (artifact id: '50ed8ca11f4dc4c468b75fece7086d15') in 0.048751 seconds 
========================================================================
Received Import Request.
  Time since last request: 0.000070 seconds.
  path: Assets/Gems and gold/Diamonds/Chest/PNG 1024/Chest GD.png
  artifactKey: Guid(2239806f4a51d2540a4e3a4f21ab12ae) Importer(815301076,1909f56bfc062723c751e8b465ee728b)
Start importing Assets/Gems and gold/Diamonds/Chest/PNG 1024/Chest GD.png using Guid(2239806f4a51d2540a4e3a4f21ab12ae) Importer(815301076,1909f56bfc062723c751e8b465ee728b)  -> (artifact id: 'c56f616fa8e3780347e424bfea9271f5') in 0.046679 seconds 
========================================================================
Received Prepare
Registering precompiled user dll's ...
Registered in 0.001325 seconds.
Begin MonoManager ReloadAssembly
Thread 0x2b2fc7000 may have been prematurely finalized
Symbol file LoadedFromMemory doesn't match image /Users/mariamekaba/Desktop/MASTERIIMIAGE/UNITY/MyProjectUnityV2/Library/PackageCache/com.unity.visualscripting@1.7.5/Editor/VisualScripting.Core/Dependencies/YamlDotNet/Unity.VisualScripting.YamlDotNet.dll
Symbol file LoadedFromMemory doesn't match image /Users/mariamekaba/Desktop/MASTERIIMIAGE/UNITY/MyProjectUnityV2/Library/PackageCache/com.unity.visualscripting@1.7.5/Editor/VisualScripting.Core/Dependencies/DotNetZip/Unity.VisualScripting.IonicZip.dll
Native extension for OSXStandalone target not found
Refreshing native plugins compatible for Editor in 0.74 ms, found 2 plugins.
Preloading 0 native plugins for Editor in 0.00 ms.
Mono: successfully reloaded assembly
- Completed reload, in  0.743 seconds
Domain Reload Profiling:
	ReloadAssembly (744ms)
		BeginReloadAssembly (129ms)
			ExecutionOrderSort (0ms)
			DisableScriptedObjects (6ms)
			BackupInstance (0ms)
			ReleaseScriptingObjects (0ms)
			CreateAndSetChildDomain (63ms)
		EndReloadAssembly (549ms)
			LoadAssemblies (45ms)
			RebuildTransferFunctionScriptingTraits (0ms)
			SetupTypeCache (186ms)
				TypeCache.Initialize (182ms)
					TypeCache.ScanAssembly (178ms)
				ResolveRequiredComponents (3ms)
			ReleaseScriptCaches (2ms)
			RebuildScriptCaches (34ms)
			SetupLoadedEditorAssemblies (249ms)
				LogAssemblyErrors (0ms)
				InitializePlatformSupportModulesInManaged (7ms)
				SetLoadedEditorAssemblies (5ms)
				RefreshPlugins (1ms)
				BeforeProcessingInitializeOnLoad (37ms)
				ProcessInitializeOnLoadAttributes (183ms)
				ProcessInitializeOnLoadMethodAttributes (17ms)
				AfterProcessingInitializeOnLoad (1ms)
				EditorAssembliesLoaded (0ms)
			ExecutionOrderSort2 (0ms)
			AwakeInstancesAfterBackupRestoration (3ms)
Platform modules already initialized, skipping
Refreshing native plugins compatible for Editor in 1.51 ms, found 2 plugins.
Preloading 0 native plugins for Editor in 0.00 ms.
Unloading 3590 Unused Serialized files (Serialized files now loaded: 0)
Unloading 18 unused Assets / (22.8 KB). Loaded Objects now: 4144.
Memory consumption went from 0.84 GB to 0.84 GB.
Total: 3.146542 ms (FindLiveObjects: 0.231667 ms CreateObjectMapping: 0.049250 ms MarkObjects: 2.818375 ms  DeleteObjects: 0.046167 ms)

AssetImportParameters requested are different than current active one (requested -> active):
  custom:video-decoder-ogg-theora: a1e56fd34408186e4bbccfd4996cb3dc -> 
  custom:container-muxer-webm: aa71ff27fc2769a1b78a27578f13a17b -> 
  custom:container-demuxer-webm: 4f35f7cbe854078d1ac9338744f61a02 -> 
  custom:video-encoder-webm-vp8: eb34c28f22e8b96e1ab97ce403110664 -> 
  custom:framework-osx-AVFoundation: e770b220cccbd017edd2c1fefb359320 -> 
  custom:audio-encoder-webm-vorbis: bf7c407c2cedff20999df2af8eb42d56 -> 
  custom:container-demuxer-ogg: 62fdf1f143b41e24485cea50d1cbac27 -> 
  custom:video-decoder-webm-vp8: 9c59270c3fd7afecdb556c50c9e8de78 -> 
  custom:audio-decoder-ogg-vorbis: bf7c407c2cedff20999df2af8eb42d56 -> 
========================================================================
Received Prepare
Registering precompiled user dll's ...
Registered in 0.001248 seconds.
Begin MonoManager ReloadAssembly
Thread 0x299c47000 may have been prematurely finalized
Symbol file LoadedFromMemory doesn't match image /Users/mariamekaba/Desktop/MASTERIIMIAGE/UNITY/MyProjectUnityV2/Library/PackageCache/com.unity.visualscripting@1.7.5/Editor/VisualScripting.Core/Dependencies/YamlDotNet/Unity.VisualScripting.YamlDotNet.dll
Symbol file LoadedFromMemory doesn't match image /Users/mariamekaba/Desktop/MASTERIIMIAGE/UNITY/MyProjectUnityV2/Library/PackageCache/com.unity.visualscripting@1.7.5/Editor/VisualScripting.Core/Dependencies/DotNetZip/Unity.VisualScripting.IonicZip.dll
Native extension for OSXStandalone target not found
Refreshing native plugins compatible for Editor in 0.78 ms, found 2 plugins.
Preloading 0 native plugins for Editor in 0.00 ms.
Mono: successfully reloaded assembly
- Completed reload, in  0.665 seconds
Domain Reload Profiling:
	ReloadAssembly (665ms)
		BeginReloadAssembly (79ms)
			ExecutionOrderSort (0ms)
			DisableScriptedObjects (3ms)
			BackupInstance (0ms)
			ReleaseScriptingObjects (0ms)
			CreateAndSetChildDomain (30ms)
		EndReloadAssembly (525ms)
			LoadAssemblies (36ms)
			RebuildTransferFunctionScriptingTraits (0ms)
			SetupTypeCache (176ms)
				TypeCache.Initialize (172ms)
					TypeCache.ScanAssembly (169ms)
				ResolveRequiredComponents (3ms)
			ReleaseScriptCaches (1ms)
			RebuildScriptCaches (32ms)
			SetupLoadedEditorAssemblies (238ms)
				LogAssemblyErrors (0ms)
				InitializePlatformSupportModulesInManaged (6ms)
				SetLoadedEditorAssemblies (5ms)
				RefreshPlugins (1ms)
				BeforeProcessingInitializeOnLoad (35ms)
				ProcessInitializeOnLoadAttributes (174ms)
				ProcessInitializeOnLoadMethodAttributes (17ms)
				AfterProcessingInitializeOnLoad (1ms)
				EditorAssembliesLoaded (0ms)
			ExecutionOrderSort2 (0ms)
			AwakeInstancesAfterBackupRestoration (3ms)
Platform modules already initialized, skipping
Refreshing native plugins compatible for Editor in 1.04 ms, found 2 plugins.
Preloading 0 native plugins for Editor in 0.00 ms.
Unloading 3591 Unused Serialized files (Serialized files now loaded: 0)
Unloading 18 unused Assets / (22.8 KB). Loaded Objects now: 4147.
Memory consumption went from 0.85 GB to 0.85 GB.
Total: 3.161000 ms (FindLiveObjects: 0.214458 ms CreateObjectMapping: 0.097333 ms MarkObjects: 2.824916 ms  DeleteObjects: 0.023750 ms)

AssetImportParameters requested are different than current active one (requested -> active):
  custom:video-decoder-ogg-theora: a1e56fd34408186e4bbccfd4996cb3dc -> 
  custom:container-muxer-webm: aa71ff27fc2769a1b78a27578f13a17b -> 
  custom:container-demuxer-webm: 4f35f7cbe854078d1ac9338744f61a02 -> 
  custom:video-encoder-webm-vp8: eb34c28f22e8b96e1ab97ce403110664 -> 
  custom:framework-osx-AVFoundation: e770b220cccbd017edd2c1fefb359320 -> 
  custom:audio-encoder-webm-vorbis: bf7c407c2cedff20999df2af8eb42d56 -> 
  custom:container-demuxer-ogg: 62fdf1f143b41e24485cea50d1cbac27 -> 
  custom:video-decoder-webm-vp8: 9c59270c3fd7afecdb556c50c9e8de78 -> 
  custom:audio-decoder-ogg-vorbis: bf7c407c2cedff20999df2af8eb42d56 -> 
========================================================================
Received Prepare
Registering precompiled user dll's ...
Registered in 0.001577 seconds.
Begin MonoManager ReloadAssembly
Thread 0x299c47000 may have been prematurely finalized
Symbol file LoadedFromMemory doesn't match image /Users/mariamekaba/Desktop/MASTERIIMIAGE/UNITY/MyProjectUnityV2/Library/PackageCache/com.unity.visualscripting@1.7.5/Editor/VisualScripting.Core/Dependencies/YamlDotNet/Unity.VisualScripting.YamlDotNet.dll
Symbol file LoadedFromMemory doesn't match image /Users/mariamekaba/Desktop/MASTERIIMIAGE/UNITY/MyProjectUnityV2/Library/PackageCache/com.unity.visualscripting@1.7.5/Editor/VisualScripting.Core/Dependencies/DotNetZip/Unity.VisualScripting.IonicZip.dll
Native extension for OSXStandalone target not found
Refreshing native plugins compatible for Editor in 0.55 ms, found 2 plugins.
Preloading 0 native plugins for Editor in 0.00 ms.
Mono: successfully reloaded assembly
- Completed reload, in  0.667 seconds
Domain Reload Profiling:
	ReloadAssembly (668ms)
		BeginReloadAssembly (84ms)
			ExecutionOrderSort (0ms)
			DisableScriptedObjects (5ms)
			BackupInstance (0ms)
			ReleaseScriptingObjects (0ms)
			CreateAndSetChildDomain (31ms)
		EndReloadAssembly (525ms)
			LoadAssemblies (36ms)
			RebuildTransferFunctionScriptingTraits (0ms)
			SetupTypeCache (176ms)
				TypeCache.Initialize (173ms)
					TypeCache.ScanAssembly (169ms)
				ResolveRequiredComponents (3ms)
			ReleaseScriptCaches (1ms)
			RebuildScriptCaches (32ms)
			SetupLoadedEditorAssemblies (238ms)
				LogAssemblyErrors (0ms)
				InitializePlatformSupportModulesInManaged (6ms)
				SetLoadedEditorAssemblies (5ms)
				RefreshPlugins (1ms)
				BeforeProcessingInitializeOnLoad (35ms)
				ProcessInitializeOnLoadAttributes (174ms)
				ProcessInitializeOnLoadMethodAttributes (17ms)
				AfterProcessingInitializeOnLoad (1ms)
				EditorAssembliesLoaded (0ms)
			ExecutionOrderSort2 (0ms)
			AwakeInstancesAfterBackupRestoration (3ms)
Platform modules already initialized, skipping
Refreshing native plugins compatible for Editor in 0.94 ms, found 2 plugins.
Preloading 0 native plugins for Editor in 0.00 ms.
Unloading 3591 Unused Serialized files (Serialized files now loaded: 0)
Unloading 18 unused Assets / (22.9 KB). Loaded Objects now: 4150.
Memory consumption went from 0.85 GB to 0.85 GB.
Total: 3.061000 ms (FindLiveObjects: 0.224250 ms CreateObjectMapping: 0.052292 ms MarkObjects: 2.704792 ms  DeleteObjects: 0.078541 ms)

AssetImportParameters requested are different than current active one (requested -> active):
  custom:video-decoder-ogg-theora: a1e56fd34408186e4bbccfd4996cb3dc -> 
  custom:container-muxer-webm: aa71ff27fc2769a1b78a27578f13a17b -> 
  custom:container-demuxer-webm: 4f35f7cbe854078d1ac9338744f61a02 -> 
  custom:video-encoder-webm-vp8: eb34c28f22e8b96e1ab97ce403110664 -> 
  custom:framework-osx-AVFoundation: e770b220cccbd017edd2c1fefb359320 -> 
  custom:audio-encoder-webm-vorbis: bf7c407c2cedff20999df2af8eb42d56 -> 
  custom:container-demuxer-ogg: 62fdf1f143b41e24485cea50d1cbac27 -> 
  custom:video-decoder-webm-vp8: 9c59270c3fd7afecdb556c50c9e8de78 -> 
  custom:audio-decoder-ogg-vorbis: bf7c407c2cedff20999df2af8eb42d56 -> 
========================================================================
Received Prepare
Registering precompiled user dll's ...
Registered in 0.001727 seconds.
Begin MonoManager ReloadAssembly
Thread 0x299c47000 may have been prematurely finalized
Symbol file LoadedFromMemory doesn't match image /Users/mariamekaba/Desktop/MASTERIIMIAGE/UNITY/MyProjectUnityV2/Library/PackageCache/com.unity.visualscripting@1.7.5/Editor/VisualScripting.Core/Dependencies/YamlDotNet/Unity.VisualScripting.YamlDotNet.dll
Symbol file LoadedFromMemory doesn't match image /Users/mariamekaba/Desktop/MASTERIIMIAGE/UNITY/MyProjectUnityV2/Library/PackageCache/com.unity.visualscripting@1.7.5/Editor/VisualScripting.Core/Dependencies/DotNetZip/Unity.VisualScripting.IonicZip.dll
Native extension for OSXStandalone target not found
Refreshing native plugins compatible for Editor in 0.45 ms, found 2 plugins.
Preloading 0 native plugins for Editor in 0.00 ms.
Mono: successfully reloaded assembly
- Completed reload, in  0.655 seconds
Domain Reload Profiling:
	ReloadAssembly (656ms)
		BeginReloadAssembly (115ms)
			ExecutionOrderSort (0ms)
			DisableScriptedObjects (4ms)
			BackupInstance (0ms)
			ReleaseScriptingObjects (0ms)
			CreateAndSetChildDomain (52ms)
		EndReloadAssembly (476ms)
			LoadAssemblies (37ms)
			RebuildTransferFunctionScriptingTraits (0ms)
			SetupTypeCache (161ms)
				TypeCache.Initialize (158ms)
					TypeCache.ScanAssembly (156ms)
				ResolveRequiredComponents (3ms)
			ReleaseScriptCaches (1ms)
			RebuildScriptCaches (27ms)
			SetupLoadedEditorAssemblies (217ms)
				LogAssemblyErrors (0ms)
				InitializePlatformSupportModulesInManaged (5ms)
				SetLoadedEditorAssemblies (4ms)
				RefreshPlugins (0ms)
				BeforeProcessingInitializeOnLoad (32ms)
				ProcessInitializeOnLoadAttributes (159ms)
				ProcessInitializeOnLoadMethodAttributes (15ms)
				AfterProcessingInitializeOnLoad (1ms)
				EditorAssembliesLoaded (0ms)
			ExecutionOrderSort2 (0ms)
			AwakeInstancesAfterBackupRestoration (3ms)
Platform modules already initialized, skipping
Refreshing native plugins compatible for Editor in 1.32 ms, found 2 plugins.
Preloading 0 native plugins for Editor in 0.00 ms.
Unloading 3591 Unused Serialized files (Serialized files now loaded: 0)
Unloading 18 unused Assets / (22.8 KB). Loaded Objects now: 4153.
Memory consumption went from 0.85 GB to 0.85 GB.
Total: 2.488125 ms (FindLiveObjects: 0.153667 ms CreateObjectMapping: 0.046542 ms MarkObjects: 2.255833 ms  DeleteObjects: 0.031375 ms)

AssetImportParameters requested are different than current active one (requested -> active):
  custom:video-decoder-ogg-theora: a1e56fd34408186e4bbccfd4996cb3dc -> 
  custom:container-muxer-webm: aa71ff27fc2769a1b78a27578f13a17b -> 
  custom:container-demuxer-webm: 4f35f7cbe854078d1ac9338744f61a02 -> 
  custom:video-encoder-webm-vp8: eb34c28f22e8b96e1ab97ce403110664 -> 
  custom:framework-osx-AVFoundation: e770b220cccbd017edd2c1fefb359320 -> 
  custom:audio-encoder-webm-vorbis: bf7c407c2cedff20999df2af8eb42d56 -> 
  custom:container-demuxer-ogg: 62fdf1f143b41e24485cea50d1cbac27 -> 
  custom:video-decoder-webm-vp8: 9c59270c3fd7afecdb556c50c9e8de78 -> 
  custom:audio-decoder-ogg-vorbis: bf7c407c2cedff20999df2af8eb42d56 -> 
========================================================================
Received Prepare
Registering precompiled user dll's ...
Registered in 0.001239 seconds.
Begin MonoManager ReloadAssembly
Thread 0x299c47000 may have been prematurely finalized
Symbol file LoadedFromMemory doesn't match image /Users/mariamekaba/Desktop/MASTERIIMIAGE/UNITY/MyProjectUnityV2/Library/PackageCache/com.unity.visualscripting@1.7.5/Editor/VisualScripting.Core/Dependencies/YamlDotNet/Unity.VisualScripting.YamlDotNet.dll
Symbol file LoadedFromMemory doesn't match image /Users/mariamekaba/Desktop/MASTERIIMIAGE/UNITY/MyProjectUnityV2/Library/PackageCache/com.unity.visualscripting@1.7.5/Editor/VisualScripting.Core/Dependencies/DotNetZip/Unity.VisualScripting.IonicZip.dll
Native extension for OSXStandalone target not found
Refreshing native plugins compatible for Editor in 0.56 ms, found 2 plugins.
Preloading 0 native plugins for Editor in 0.00 ms.
Mono: successfully reloaded assembly
- Completed reload, in  0.744 seconds
Domain Reload Profiling:
	ReloadAssembly (745ms)
		BeginReloadAssembly (144ms)
			ExecutionOrderSort (0ms)
			DisableScriptedObjects (5ms)
			BackupInstance (0ms)
			ReleaseScriptingObjects (0ms)
			CreateAndSetChildDomain (66ms)
		EndReloadAssembly (537ms)
			LoadAssemblies (49ms)
			RebuildTransferFunctionScriptingTraits (0ms)
			SetupTypeCache (186ms)
				TypeCache.Initialize (183ms)
					TypeCache.ScanAssembly (179ms)
				ResolveRequiredComponents (3ms)
			ReleaseScriptCaches (1ms)
			RebuildScriptCaches (32ms)
			SetupLoadedEditorAssemblies (239ms)
				LogAssemblyErrors (0ms)
				InitializePlatformSupportModulesInManaged (5ms)
				SetLoadedEditorAssemblies (5ms)
				RefreshPlugins (1ms)
				BeforeProcessingInitializeOnLoad (34ms)
				ProcessInitializeOnLoadAttributes (176ms)
				ProcessInitializeOnLoadMethodAttributes (17ms)
				AfterProcessingInitializeOnLoad (1ms)
				EditorAssembliesLoaded (0ms)
			ExecutionOrderSort2 (0ms)
			AwakeInstancesAfterBackupRestoration (3ms)
Platform modules already initialized, skipping
Refreshing native plugins compatible for Editor in 1.58 ms, found 2 plugins.
Preloading 0 native plugins for Editor in 0.00 ms.
Unloading 3591 Unused Serialized files (Serialized files now loaded: 0)
Unloading 18 unused Assets / (22.9 KB). Loaded Objects now: 4156.
Memory consumption went from 0.86 GB to 0.86 GB.
Total: 3.083708 ms (FindLiveObjects: 0.269125 ms CreateObjectMapping: 0.068458 ms MarkObjects: 2.697958 ms  DeleteObjects: 0.047375 ms)

AssetImportParameters requested are different than current active one (requested -> active):
  custom:video-decoder-ogg-theora: a1e56fd34408186e4bbccfd4996cb3dc -> 
  custom:container-muxer-webm: aa71ff27fc2769a1b78a27578f13a17b -> 
  custom:container-demuxer-webm: 4f35f7cbe854078d1ac9338744f61a02 -> 
  custom:video-encoder-webm-vp8: eb34c28f22e8b96e1ab97ce403110664 -> 
  custom:framework-osx-AVFoundation: e770b220cccbd017edd2c1fefb359320 -> 
  custom:audio-encoder-webm-vorbis: bf7c407c2cedff20999df2af8eb42d56 -> 
  custom:container-demuxer-ogg: 62fdf1f143b41e24485cea50d1cbac27 -> 
  custom:video-decoder-webm-vp8: 9c59270c3fd7afecdb556c50c9e8de78 -> 
  custom:audio-decoder-ogg-vorbis: bf7c407c2cedff20999df2af8eb42d56 -> 
========================================================================
Received Prepare
Registering precompiled user dll's ...
Registered in 0.001244 seconds.
Begin MonoManager ReloadAssembly
Thread 0x299c47000 may have been prematurely finalized
Symbol file LoadedFromMemory doesn't match image /Users/mariamekaba/Desktop/MASTERIIMIAGE/UNITY/MyProjectUnityV2/Library/PackageCache/com.unity.visualscripting@1.7.5/Editor/VisualScripting.Core/Dependencies/YamlDotNet/Unity.VisualScripting.YamlDotNet.dll
Symbol file LoadedFromMemory doesn't match image /Users/mariamekaba/Desktop/MASTERIIMIAGE/UNITY/MyProjectUnityV2/Library/PackageCache/com.unity.visualscripting@1.7.5/Editor/VisualScripting.Core/Dependencies/DotNetZip/Unity.VisualScripting.IonicZip.dll
Native extension for OSXStandalone target not found
Refreshing native plugins compatible for Editor in 0.59 ms, found 2 plugins.
Preloading 0 native plugins for Editor in 0.00 ms.
Mono: successfully reloaded assembly
- Completed reload, in  0.930 seconds
Domain Reload Profiling:
	ReloadAssembly (931ms)
		BeginReloadAssembly (274ms)
			ExecutionOrderSort (0ms)
			DisableScriptedObjects (11ms)
			BackupInstance (0ms)
			ReleaseScriptingObjects (0ms)
			CreateAndSetChildDomain (85ms)
		EndReloadAssembly (582ms)
			LoadAssemblies (132ms)
			RebuildTransferFunctionScriptingTraits (0ms)
			SetupTypeCache (209ms)
				TypeCache.Initialize (206ms)
					TypeCache.ScanAssembly (200ms)
				ResolveRequiredComponents (3ms)
			ReleaseScriptCaches (2ms)
			RebuildScriptCaches (36ms)
			SetupLoadedEditorAssemblies (255ms)
				LogAssemblyErrors (0ms)
				InitializePlatformSupportModulesInManaged (7ms)
				SetLoadedEditorAssemblies (5ms)
				RefreshPlugins (1ms)
				BeforeProcessingInitializeOnLoad (38ms)
				ProcessInitializeOnLoadAttributes (186ms)
				ProcessInitializeOnLoadMethodAttributes (18ms)
				AfterProcessingInitializeOnLoad (1ms)
				EditorAssembliesLoaded (0ms)
			ExecutionOrderSort2 (0ms)
			AwakeInstancesAfterBackupRestoration (3ms)
Platform modules already initialized, skipping
Refreshing native plugins compatible for Editor in 1.59 ms, found 2 plugins.
Preloading 0 native plugins for Editor in 0.00 ms.
Unloading 3591 Unused Serialized files (Serialized files now loaded: 0)
Unloading 18 unused Assets / (22.8 KB). Loaded Objects now: 4159.
Memory consumption went from 0.86 GB to 0.86 GB.
Total: 3.365083 ms (FindLiveObjects: 0.190375 ms CreateObjectMapping: 0.047958 ms MarkObjects: 3.091000 ms  DeleteObjects: 0.035250 ms)

AssetImportParameters requested are different than current active one (requested -> active):
  custom:video-decoder-ogg-theora: a1e56fd34408186e4bbccfd4996cb3dc -> 
  custom:container-muxer-webm: aa71ff27fc2769a1b78a27578f13a17b -> 
  custom:container-demuxer-webm: 4f35f7cbe854078d1ac9338744f61a02 -> 
  custom:video-encoder-webm-vp8: eb34c28f22e8b96e1ab97ce403110664 -> 
  custom:framework-osx-AVFoundation: e770b220cccbd017edd2c1fefb359320 -> 
  custom:audio-encoder-webm-vorbis: bf7c407c2cedff20999df2af8eb42d56 -> 
  custom:container-demuxer-ogg: 62fdf1f143b41e24485cea50d1cbac27 -> 
  custom:video-decoder-webm-vp8: 9c59270c3fd7afecdb556c50c9e8de78 -> 
  custom:audio-decoder-ogg-vorbis: bf7c407c2cedff20999df2af8eb42d56 -> 
========================================================================
Received Import Request.
  Time since last request: 84935.080549 seconds.
  path: Assets/StarterAssets/ThirdPersonController/Character/Sfx/Player_Footstep_01.wav
  artifactKey: Guid(72f526a6a9890f643a88e85a61c86c8a) Importer(815301076,1909f56bfc062723c751e8b465ee728b)
Start importing Assets/StarterAssets/ThirdPersonController/Character/Sfx/Player_Footstep_01.wav using Guid(72f526a6a9890f643a88e85a61c86c8a) Importer(815301076,1909f56bfc062723c751e8b465ee728b)  -> (artifact id: 'a809ea452fc2c1bade372f2cfe356c28') in 0.791551 seconds 
========================================================================
Received Import Request.
  Time since last request: 0.000067 seconds.
  path: Assets/StarterAssets/ThirdPersonController/Character/Sfx/Player_Footstep_07.wav
  artifactKey: Guid(dd1af302b8902684d9381de1f2d3a5af) Importer(815301076,1909f56bfc062723c751e8b465ee728b)
Start importing Assets/StarterAssets/ThirdPersonController/Character/Sfx/Player_Footstep_07.wav using Guid(dd1af302b8902684d9381de1f2d3a5af) Importer(815301076,1909f56bfc062723c751e8b465ee728b)  -> (artifact id: '79f92bb3b64de1a6eb1c6334b3e094bc') in 0.012071 seconds 
========================================================================
Received Import Request.
  Time since last request: 0.000042 seconds.
  path: Assets/StarterAssets/ThirdPersonController/Character/Sfx/Player_Footstep_05.wav
  artifactKey: Guid(14e8a8d2158bec840b56c54f5266e692) Importer(815301076,1909f56bfc062723c751e8b465ee728b)
Start importing Assets/StarterAssets/ThirdPersonController/Character/Sfx/Player_Footstep_05.wav using Guid(14e8a8d2158bec840b56c54f5266e692) Importer(815301076,1909f56bfc062723c751e8b465ee728b)  -> (artifact id: '0420a357a178ad2fb391b0bd051de0e6') in 0.005915 seconds 
========================================================================
Received Prepare
Registering precompiled user dll's ...
Registered in 0.001440 seconds.
Begin MonoManager ReloadAssembly
Thread 0x299c47000 may have been prematurely finalized
Symbol file LoadedFromMemory doesn't match image /Users/mariamekaba/Desktop/MASTERIIMIAGE/UNITY/MyProjectUnityV2/Library/PackageCache/com.unity.visualscripting@1.7.5/Editor/VisualScripting.Core/Dependencies/YamlDotNet/Unity.VisualScripting.YamlDotNet.dll
Symbol file LoadedFromMemory doesn't match image /Users/mariamekaba/Desktop/MASTERIIMIAGE/UNITY/MyProjectUnityV2/Library/PackageCache/com.unity.visualscripting@1.7.5/Editor/VisualScripting.Core/Dependencies/DotNetZip/Unity.VisualScripting.IonicZip.dll
Native extension for OSXStandalone target not found
Refreshing native plugins compatible for Editor in 0.52 ms, found 2 plugins.
Preloading 0 native plugins for Editor in 0.00 ms.
Mono: successfully reloaded assembly
- Completed reload, in  0.770 seconds
Domain Reload Profiling:
	ReloadAssembly (770ms)
		BeginReloadAssembly (163ms)
			ExecutionOrderSort (0ms)
			DisableScriptedObjects (5ms)
			BackupInstance (0ms)
			ReleaseScriptingObjects (0ms)
			CreateAndSetChildDomain (93ms)
		EndReloadAssembly (545ms)
			LoadAssemblies (49ms)
			RebuildTransferFunctionScriptingTraits (0ms)
			SetupTypeCache (183ms)
				TypeCache.Initialize (179ms)
					TypeCache.ScanAssembly (176ms)
				ResolveRequiredComponents (3ms)
			ReleaseScriptCaches (1ms)
			RebuildScriptCaches (36ms)
			SetupLoadedEditorAssemblies (239ms)
				LogAssemblyErrors (0ms)
				InitializePlatformSupportModulesInManaged (6ms)
				SetLoadedEditorAssemblies (5ms)
				RefreshPlugins (1ms)
				BeforeProcessingInitializeOnLoad (35ms)
				ProcessInitializeOnLoadAttributes (174ms)
				ProcessInitializeOnLoadMethodAttributes (18ms)
				AfterProcessingInitializeOnLoad (1ms)
				EditorAssembliesLoaded (0ms)
			ExecutionOrderSort2 (0ms)
			AwakeInstancesAfterBackupRestoration (3ms)
Platform modules already initialized, skipping
Refreshing native plugins compatible for Editor in 1.01 ms, found 2 plugins.
Preloading 0 native plugins for Editor in 0.00 ms.
Unloading 3590 Unused Serialized files (Serialized files now loaded: 0)
Unloading 18 unused Assets / (22.9 KB). Loaded Objects now: 4164.
Memory consumption went from 0.94 GB to 0.94 GB.
Total: 3.155709 ms (FindLiveObjects: 0.210334 ms CreateObjectMapping: 0.050584 ms MarkObjects: 2.851916 ms  DeleteObjects: 0.042209 ms)

AssetImportParameters requested are different than current active one (requested -> active):
  custom:video-decoder-ogg-theora: a1e56fd34408186e4bbccfd4996cb3dc -> 
  custom:container-muxer-webm: aa71ff27fc2769a1b78a27578f13a17b -> 
  custom:container-demuxer-webm: 4f35f7cbe854078d1ac9338744f61a02 -> 
  custom:video-encoder-webm-vp8: eb34c28f22e8b96e1ab97ce403110664 -> 
  custom:framework-osx-AVFoundation: e770b220cccbd017edd2c1fefb359320 -> 
  custom:audio-encoder-webm-vorbis: bf7c407c2cedff20999df2af8eb42d56 -> 
  custom:container-demuxer-ogg: 62fdf1f143b41e24485cea50d1cbac27 -> 
  custom:video-decoder-webm-vp8: 9c59270c3fd7afecdb556c50c9e8de78 -> 
  custom:audio-decoder-ogg-vorbis: bf7c407c2cedff20999df2af8eb42d56 -> 
========================================================================
Received Prepare
Registering precompiled user dll's ...
Registered in 0.001707 seconds.
Begin MonoManager ReloadAssembly
Thread 0x299c47000 may have been prematurely finalized
Symbol file LoadedFromMemory doesn't match image /Users/mariamekaba/Desktop/MASTERIIMIAGE/UNITY/MyProjectUnityV2/Library/PackageCache/com.unity.visualscripting@1.7.5/Editor/VisualScripting.Core/Dependencies/YamlDotNet/Unity.VisualScripting.YamlDotNet.dll
Symbol file LoadedFromMemory doesn't match image /Users/mariamekaba/Desktop/MASTERIIMIAGE/UNITY/MyProjectUnityV2/Library/PackageCache/com.unity.visualscripting@1.7.5/Editor/VisualScripting.Core/Dependencies/DotNetZip/Unity.VisualScripting.IonicZip.dll
Native extension for OSXStandalone target not found
Refreshing native plugins compatible for Editor in 0.69 ms, found 2 plugins.
Preloading 0 native plugins for Editor in 0.00 ms.
Mono: successfully reloaded assembly
- Completed reload, in  0.805 seconds
Domain Reload Profiling:
	ReloadAssembly (806ms)
		BeginReloadAssembly (172ms)
			ExecutionOrderSort (0ms)
			DisableScriptedObjects (5ms)
			BackupInstance (0ms)
			ReleaseScriptingObjects (0ms)
			CreateAndSetChildDomain (72ms)
		EndReloadAssembly (569ms)
			LoadAssemblies (89ms)
			RebuildTransferFunctionScriptingTraits (0ms)
			SetupTypeCache (188ms)
				TypeCache.Initialize (185ms)
					TypeCache.ScanAssembly (181ms)
				ResolveRequiredComponents (3ms)
			ReleaseScriptCaches (1ms)
			RebuildScriptCaches (33ms)
			SetupLoadedEditorAssemblies (239ms)
				LogAssemblyErrors (0ms)
				InitializePlatformSupportModulesInManaged (5ms)
				SetLoadedEditorAssemblies (5ms)
				RefreshPlugins (1ms)
				BeforeProcessingInitializeOnLoad (36ms)
				ProcessInitializeOnLoadAttributes (174ms)
				ProcessInitializeOnLoadMethodAttributes (17ms)
				AfterProcessingInitializeOnLoad (1ms)
				EditorAssembliesLoaded (0ms)
			ExecutionOrderSort2 (0ms)
			AwakeInstancesAfterBackupRestoration (3ms)
Platform modules already initialized, skipping
Refreshing native plugins compatible for Editor in 1.08 ms, found 2 plugins.
Preloading 0 native plugins for Editor in 0.00 ms.
Unloading 3591 Unused Serialized files (Serialized files now loaded: 0)
Unloading 18 unused Assets / (22.8 KB). Loaded Objects now: 4167.
Memory consumption went from 0.95 GB to 0.95 GB.
Total: 3.145083 ms (FindLiveObjects: 0.160125 ms CreateObjectMapping: 0.055375 ms MarkObjects: 2.904667 ms  DeleteObjects: 0.024416 ms)

AssetImportParameters requested are different than current active one (requested -> active):
  custom:video-decoder-ogg-theora: a1e56fd34408186e4bbccfd4996cb3dc -> 
  custom:container-muxer-webm: aa71ff27fc2769a1b78a27578f13a17b -> 
  custom:container-demuxer-webm: 4f35f7cbe854078d1ac9338744f61a02 -> 
  custom:video-encoder-webm-vp8: eb34c28f22e8b96e1ab97ce403110664 -> 
  custom:framework-osx-AVFoundation: e770b220cccbd017edd2c1fefb359320 -> 
  custom:audio-encoder-webm-vorbis: bf7c407c2cedff20999df2af8eb42d56 -> 
  custom:container-demuxer-ogg: 62fdf1f143b41e24485cea50d1cbac27 -> 
  custom:video-decoder-webm-vp8: 9c59270c3fd7afecdb556c50c9e8de78 -> 
  custom:audio-decoder-ogg-vorbis: bf7c407c2cedff20999df2af8eb42d56 -> 
========================================================================
Received Import Request.
  Time since last request: 134.233635 seconds.
  path: Assets/StarterAssets/ThirdPersonController/Character/Sfx/Player_Footstep_09.wav
  artifactKey: Guid(274649b0e221539409070ebf6c18918b) Importer(815301076,1909f56bfc062723c751e8b465ee728b)
Start importing Assets/StarterAssets/ThirdPersonController/Character/Sfx/Player_Footstep_09.wav using Guid(274649b0e221539409070ebf6c18918b) Importer(815301076,1909f56bfc062723c751e8b465ee728b)  -> (artifact id: '0483904d9b472b6066952fd2152b6d70') in 0.051791 seconds 
========================================================================
Received Import Request.
  Time since last request: 0.465022 seconds.
  path: Assets/StarterAssets/ThirdPersonController/Character/Sfx/Player_Land.wav
  artifactKey: Guid(ff697d3070687ce4583faa0561a145a2) Importer(815301076,1909f56bfc062723c751e8b465ee728b)
Start importing Assets/StarterAssets/ThirdPersonController/Character/Sfx/Player_Land.wav using Guid(ff697d3070687ce4583faa0561a145a2) Importer(815301076,1909f56bfc062723c751e8b465ee728b)  -> (artifact id: '84f0f67b63578da47dadcdacd33584bf') in 0.006816 seconds 
========================================================================
Received Import Request.
  Time since last request: 838.689262 seconds.
  path: Assets/Sons/Applaudissement.mp3
  artifactKey: Guid(7f095ad4df28b47d18a1004c0108d1c0) Importer(815301076,1909f56bfc062723c751e8b465ee728b)
Start importing Assets/Sons/Applaudissement.mp3 using Guid(7f095ad4df28b47d18a1004c0108d1c0) Importer(815301076,1909f56bfc062723c751e8b465ee728b)  -> (artifact id: '2ae7cf65a3f01c7052d6c6953a32b081') in 0.702782 seconds 
========================================================================
Received Import Request.
  Time since last request: 0.000068 seconds.
  path: Assets/Sons/chute.mp3
  artifactKey: Guid(89a22d9e395cc4a738ed750fc81177d8) Importer(815301076,1909f56bfc062723c751e8b465ee728b)
Start importing Assets/Sons/chute.mp3 using Guid(89a22d9e395cc4a738ed750fc81177d8) Importer(815301076,1909f56bfc062723c751e8b465ee728b)  -> (artifact id: '882fe989f768c0bf5171f74c070e463b') in 0.006276 seconds 
========================================================================
Received Prepare
Registering precompiled user dll's ...
Registered in 0.001376 seconds.
Begin MonoManager ReloadAssembly
Thread 0x299c47000 may have been prematurely finalized
Symbol file LoadedFromMemory doesn't match image /Users/mariamekaba/Desktop/MASTERIIMIAGE/UNITY/MyProjectUnityV2/Library/PackageCache/com.unity.visualscripting@1.7.5/Editor/VisualScripting.Core/Dependencies/YamlDotNet/Unity.VisualScripting.YamlDotNet.dll
Symbol file LoadedFromMemory doesn't match image /Users/mariamekaba/Desktop/MASTERIIMIAGE/UNITY/MyProjectUnityV2/Library/PackageCache/com.unity.visualscripting@1.7.5/Editor/VisualScripting.Core/Dependencies/DotNetZip/Unity.VisualScripting.IonicZip.dll
Native extension for OSXStandalone target not found
Refreshing native plugins compatible for Editor in 0.48 ms, found 2 plugins.
Preloading 0 native plugins for Editor in 0.00 ms.
Mono: successfully reloaded assembly
- Completed reload, in  0.683 seconds
Domain Reload Profiling:
	ReloadAssembly (683ms)
		BeginReloadAssembly (110ms)
			ExecutionOrderSort (0ms)
			DisableScriptedObjects (4ms)
			BackupInstance (0ms)
			ReleaseScriptingObjects (0ms)
			CreateAndSetChildDomain (49ms)
		EndReloadAssembly (513ms)
			LoadAssemblies (80ms)
			RebuildTransferFunctionScriptingTraits (0ms)
			SetupTypeCache (158ms)
				TypeCache.Initialize (155ms)
					TypeCache.ScanAssembly (153ms)
				ResolveRequiredComponents (3ms)
			ReleaseScriptCaches (1ms)
			RebuildScriptCaches (29ms)
			SetupLoadedEditorAssemblies (219ms)
				LogAssemblyErrors (0ms)
				InitializePlatformSupportModulesInManaged (5ms)
				SetLoadedEditorAssemblies (4ms)
				RefreshPlugins (1ms)
				BeforeProcessingInitializeOnLoad (32ms)
				ProcessInitializeOnLoadAttributes (161ms)
				ProcessInitializeOnLoadMethodAttributes (15ms)
				AfterProcessingInitializeOnLoad (1ms)
				EditorAssembliesLoaded (0ms)
			ExecutionOrderSort2 (0ms)
			AwakeInstancesAfterBackupRestoration (2ms)
Platform modules already initialized, skipping
Refreshing native plugins compatible for Editor in 1.43 ms, found 2 plugins.
Preloading 0 native plugins for Editor in 0.00 ms.
Unloading 3591 Unused Serialized files (Serialized files now loaded: 0)
Unloading 18 unused Assets / (22.8 KB). Loaded Objects now: 4171.
Memory consumption went from 1.03 GB to 1.03 GB.
Total: 2.490875 ms (FindLiveObjects: 0.167333 ms CreateObjectMapping: 0.050917 ms MarkObjects: 2.237167 ms  DeleteObjects: 0.034083 ms)

AssetImportParameters requested are different than current active one (requested -> active):
  custom:video-decoder-ogg-theora: a1e56fd34408186e4bbccfd4996cb3dc -> 
  custom:container-muxer-webm: aa71ff27fc2769a1b78a27578f13a17b -> 
  custom:container-demuxer-webm: 4f35f7cbe854078d1ac9338744f61a02 -> 
  custom:video-encoder-webm-vp8: eb34c28f22e8b96e1ab97ce403110664 -> 
  custom:framework-osx-AVFoundation: e770b220cccbd017edd2c1fefb359320 -> 
  custom:audio-encoder-webm-vorbis: bf7c407c2cedff20999df2af8eb42d56 -> 
  custom:container-demuxer-ogg: 62fdf1f143b41e24485cea50d1cbac27 -> 
  custom:video-decoder-webm-vp8: 9c59270c3fd7afecdb556c50c9e8de78 -> 
  custom:audio-decoder-ogg-vorbis: bf7c407c2cedff20999df2af8eb42d56 -> 
========================================================================
Received Prepare
Registering precompiled user dll's ...
Registered in 0.001662 seconds.
Begin MonoManager ReloadAssembly
Thread 0x299c47000 may have been prematurely finalized
Symbol file LoadedFromMemory doesn't match image /Users/mariamekaba/Desktop/MASTERIIMIAGE/UNITY/MyProjectUnityV2/Library/PackageCache/com.unity.visualscripting@1.7.5/Editor/VisualScripting.Core/Dependencies/YamlDotNet/Unity.VisualScripting.YamlDotNet.dll
Symbol file LoadedFromMemory doesn't match image /Users/mariamekaba/Desktop/MASTERIIMIAGE/UNITY/MyProjectUnityV2/Library/PackageCache/com.unity.visualscripting@1.7.5/Editor/VisualScripting.Core/Dependencies/DotNetZip/Unity.VisualScripting.IonicZip.dll
Native extension for OSXStandalone target not found
Refreshing native plugins compatible for Editor in 0.42 ms, found 2 plugins.
Preloading 0 native plugins for Editor in 0.00 ms.
Mono: successfully reloaded assembly
- Completed reload, in  0.670 seconds
Domain Reload Profiling:
	ReloadAssembly (671ms)
		BeginReloadAssembly (129ms)
			ExecutionOrderSort (0ms)
			DisableScriptedObjects (4ms)
			BackupInstance (0ms)
			ReleaseScriptingObjects (0ms)
			CreateAndSetChildDomain (62ms)
		EndReloadAssembly (482ms)
			LoadAssemblies (41ms)
			RebuildTransferFunctionScriptingTraits (0ms)
			SetupTypeCache (165ms)
				TypeCache.Initialize (162ms)
					TypeCache.ScanAssembly (159ms)
				ResolveRequiredComponents (3ms)
			ReleaseScriptCaches (1ms)
			RebuildScriptCaches (29ms)
			SetupLoadedEditorAssemblies (219ms)
				LogAssemblyErrors (0ms)
				InitializePlatformSupportModulesInManaged (5ms)
				SetLoadedEditorAssemblies (4ms)
				RefreshPlugins (0ms)
				BeforeProcessingInitializeOnLoad (32ms)
				ProcessInitializeOnLoadAttributes (160ms)
				ProcessInitializeOnLoadMethodAttributes (15ms)
				AfterProcessingInitializeOnLoad (1ms)
				EditorAssembliesLoaded (0ms)
			ExecutionOrderSort2 (0ms)
			AwakeInstancesAfterBackupRestoration (2ms)
Platform modules already initialized, skipping
Refreshing native plugins compatible for Editor in 0.80 ms, found 2 plugins.
Preloading 0 native plugins for Editor in 0.00 ms.
Unloading 3592 Unused Serialized files (Serialized files now loaded: 0)
Unloading 18 unused Assets / (22.8 KB). Loaded Objects now: 4174.
Memory consumption went from 1.03 GB to 1.03 GB.
Total: 2.434083 ms (FindLiveObjects: 0.135750 ms CreateObjectMapping: 0.048125 ms MarkObjects: 2.218083 ms  DeleteObjects: 0.031416 ms)

AssetImportParameters requested are different than current active one (requested -> active):
  custom:video-decoder-ogg-theora: a1e56fd34408186e4bbccfd4996cb3dc -> 
  custom:container-muxer-webm: aa71ff27fc2769a1b78a27578f13a17b -> 
  custom:container-demuxer-webm: 4f35f7cbe854078d1ac9338744f61a02 -> 
  custom:video-encoder-webm-vp8: eb34c28f22e8b96e1ab97ce403110664 -> 
  custom:framework-osx-AVFoundation: e770b220cccbd017edd2c1fefb359320 -> 
  custom:audio-encoder-webm-vorbis: bf7c407c2cedff20999df2af8eb42d56 -> 
  custom:container-demuxer-ogg: 62fdf1f143b41e24485cea50d1cbac27 -> 
  custom:video-decoder-webm-vp8: 9c59270c3fd7afecdb556c50c9e8de78 -> 
  custom:audio-decoder-ogg-vorbis: bf7c407c2cedff20999df2af8eb42d56 -> 
